// @file "/home/xyh/cicada/examples/lang3/example-project/play.cic"

"hi ^-^/"
{
  List = (_) => List(_)
  Nat = Nat
}
Nat
(_) => List(_)
(_) => List(_)
(T) => List.null(T)
(T) => (head) => (tail) => List.cons(T)(head)(tail)
List.null(String)
List.cons(String)("abc")(List.null(String))
Nat
Nat.zero
Nat.add1(Nat.zero)

// @module cicada.datatype
// @file "/home/xyh/cicada/examples/lang3/example-project/datatype/list.cic"

(_) => List(_)
(T) => List.null(T)
(T) => (head) => (tail) => List.cons(T)(head)(tail)
List.null(String)
List.cons(String)("abc")(List.null(String))
Nat
Nat.zero
Nat.add1(Nat.zero)

// @module cicada.datatype
// @file "/home/xyh/cicada/examples/lang3/example-project/datatype/nat.cic"

Nat
Nat.zero
Nat.add1(Nat.zero)
(_) => List(_)
(T) => List.null(T)
(T) => (head) => (tail) => List.cons(T)(head)(tail)
List.null(String)
List.cons(String)("abc")(List.null(String))

// @file "examples/lang3/play.cic"

"hi ^-^/"
{
  List = (_) => List(_)
  Nat = Nat
}
Nat
(_) => List(_)
(_) => List(_)
(T) => List.null(T)
(T) => (head) => (tail) => List.cons(T)(head)(tail)
List.null(String)
List.cons(String)("abc")(List.null(String))
Nat
Nat.zero
Nat.add1(Nat.zero)

// Output of the specified file: "examples/lang3/play.cic"

"hi ^-^/"
{
  List = (_) => List(_)
  Nat = Nat
}
Nat
(_) => List(_)
(_) => List(_)
(T) => List.null(T)
(T) => (head) => (tail) => List.cons(T)(head)(tail)
List.null(String)
List.cons(String)("abc")(List.null(String))
Nat
Nat.zero
Nat.add1(Nat.zero)

