Nat: Type
Nat.zero: Nat
(_) => Nat.add1(_): (Nat) -> Nat
Nat.add1(Nat.zero): Nat
Nat.add1(Nat.add1(Nat.zero)): Nat
Nat.zero: Nat
Nat.add1(Nat.zero): Nat
Nat.add1(Nat.zero): Nat
Nat.add1(Nat.add1(Nat.zero)): Nat
Nat.add1(Nat.add1(Nat.add1(Nat.add1(Nat.zero)))): Nat
(x, y) => induction (x) { motive (_) => Nat case zero => y case add1(_prev, almost) => Nat.add1(almost.prev) }: (Nat, Nat) -> Nat
(y) => Nat.add1(y): (Nat) -> Nat
Nat.add1(Nat.add1(Nat.zero)): Nat
refl: Equal(Nat, Nat.add1(Nat.add1(Nat.add1(Nat.add1(Nat.add1(Nat.zero))))), Nat.add1(Nat.add1(Nat.add1(Nat.add1(Nat.add1(Nat.zero))))))
refl: Equal(Nat, Nat.add1(Nat.zero), Nat.add1(Nat.zero))
refl: Equal(Nat, Nat.zero, Nat.zero)
refl: Equal(Nat, Nat.zero, Nat.zero)
refl: Equal(Nat, Nat.add1(Nat.zero), Nat.add1(Nat.zero))
refl: Equal(Nat, Nat.add1(Nat.add1(Nat.add1(Nat.add1(Nat.add1(Nat.add1(Nat.add1(Nat.add1(Nat.add1(Nat.add1(Nat.add1(Nat.add1(Nat.zero)))))))))))), Nat.add1(Nat.add1(Nat.add1(Nat.add1(Nat.add1(Nat.add1(Nat.add1(Nat.add1(Nat.add1(Nat.add1(Nat.add1(Nat.add1(Nat.zero)))))))))))))
refl: Equal(Nat, Nat.add1(Nat.add1(Nat.add1(Nat.add1(Nat.add1(Nat.add1(Nat.add1(Nat.add1(Nat.add1(Nat.add1(Nat.add1(Nat.add1(Nat.add1(Nat.add1(Nat.add1(Nat.add1(Nat.add1(Nat.add1(Nat.add1(Nat.add1(Nat.add1(Nat.add1(Nat.add1(Nat.add1(Nat.add1(Nat.add1(Nat.add1(Nat.add1(Nat.add1(Nat.add1(Nat.add1(Nat.add1(Nat.add1(Nat.add1(Nat.add1(Nat.add1(Nat.add1(Nat.add1(Nat.add1(Nat.add1(Nat.add1(Nat.add1(Nat.add1(Nat.add1(Nat.add1(Nat.add1(Nat.add1(Nat.add1(Nat.add1(Nat.add1(Nat.add1(Nat.add1(Nat.add1(Nat.add1(Nat.add1(Nat.add1(Nat.add1(Nat.add1(Nat.add1(Nat.add1(Nat.add1(Nat.add1(Nat.add1(Nat.add1(Nat.zero)))))))))))))))))))))))))))))))))))))))))))))))))))))))))))))))), Nat.add1(Nat.add1(Nat.add1(Nat.add1(Nat.add1(Nat.add1(Nat.add1(Nat.add1(Nat.add1(Nat.add1(Nat.add1(Nat.add1(Nat.add1(Nat.add1(Nat.add1(Nat.add1(Nat.add1(Nat.add1(Nat.add1(Nat.add1(Nat.add1(Nat.add1(Nat.add1(Nat.add1(Nat.add1(Nat.add1(Nat.add1(Nat.add1(Nat.add1(Nat.add1(Nat.add1(Nat.add1(Nat.add1(Nat.add1(Nat.add1(Nat.add1(Nat.add1(Nat.add1(Nat.add1(Nat.add1(Nat.add1(Nat.add1(Nat.add1(Nat.add1(Nat.add1(Nat.add1(Nat.add1(Nat.add1(Nat.add1(Nat.add1(Nat.add1(Nat.add1(Nat.add1(Nat.add1(Nat.add1(Nat.add1(Nat.add1(Nat.add1(Nat.add1(Nat.add1(Nat.add1(Nat.add1(Nat.add1(Nat.add1(Nat.zero)))))))))))))))))))))))))))))))))))))))))))))))))))))))))))))))))
refl: Equal(Nat, Nat.add1(Nat.add1(Nat.add1(Nat.add1(Nat.add1(Nat.add1(Nat.add1(Nat.add1(Nat.add1(Nat.add1(Nat.add1(Nat.add1(Nat.add1(Nat.add1(Nat.add1(Nat.add1(Nat.add1(Nat.add1(Nat.add1(Nat.add1(Nat.add1(Nat.add1(Nat.add1(Nat.add1(Nat.add1(Nat.add1(Nat.add1(Nat.add1(Nat.add1(Nat.add1(Nat.add1(Nat.add1(Nat.add1(Nat.add1(Nat.add1(Nat.add1(Nat.add1(Nat.add1(Nat.add1(Nat.add1(Nat.add1(Nat.add1(Nat.add1(Nat.add1(Nat.add1(Nat.add1(Nat.add1(Nat.add1(Nat.add1(Nat.add1(Nat.add1(Nat.add1(Nat.add1(Nat.add1(Nat.add1(Nat.zero))))))))))))))))))))))))))))))))))))))))))))))))))))))), Nat.add1(Nat.add1(Nat.add1(Nat.add1(Nat.add1(Nat.add1(Nat.add1(Nat.add1(Nat.add1(Nat.add1(Nat.add1(Nat.add1(Nat.add1(Nat.add1(Nat.add1(Nat.add1(Nat.add1(Nat.add1(Nat.add1(Nat.add1(Nat.add1(Nat.add1(Nat.add1(Nat.add1(Nat.add1(Nat.add1(Nat.add1(Nat.add1(Nat.add1(Nat.add1(Nat.add1(Nat.add1(Nat.add1(Nat.add1(Nat.add1(Nat.add1(Nat.add1(Nat.add1(Nat.add1(Nat.add1(Nat.add1(Nat.add1(Nat.add1(Nat.add1(Nat.add1(Nat.add1(Nat.add1(Nat.add1(Nat.add1(Nat.add1(Nat.add1(Nat.add1(Nat.add1(Nat.add1(Nat.add1(Nat.zero))))))))))))))))))))))))))))))))))))))))))))))))))))))))
refl: Equal(Nat, Nat.add1(Nat.add1(Nat.add1(Nat.add1(Nat.add1(Nat.add1(Nat.add1(Nat.add1(Nat.add1(Nat.add1(Nat.add1(Nat.add1(Nat.add1(Nat.add1(Nat.add1(Nat.add1(Nat.add1(Nat.add1(Nat.add1(Nat.add1(Nat.add1(Nat.add1(Nat.add1(Nat.add1(Nat.add1(Nat.add1(Nat.add1(Nat.add1(Nat.add1(Nat.add1(Nat.add1(Nat.add1(Nat.add1(Nat.add1(Nat.add1(Nat.add1(Nat.add1(Nat.add1(Nat.add1(Nat.add1(Nat.add1(Nat.add1(Nat.add1(Nat.add1(Nat.add1(Nat.add1(Nat.add1(Nat.add1(Nat.add1(Nat.add1(Nat.add1(Nat.add1(Nat.add1(Nat.add1(Nat.add1(Nat.add1(Nat.add1(Nat.add1(Nat.add1(Nat.add1(Nat.add1(Nat.add1(Nat.add1(Nat.add1(Nat.add1(Nat.add1(Nat.add1(Nat.add1(Nat.add1(Nat.add1(Nat.add1(Nat.add1(Nat.add1(Nat.add1(Nat.add1(Nat.add1(Nat.add1(Nat.add1(Nat.add1(Nat.add1(Nat.add1(Nat.add1(Nat.add1(Nat.add1(Nat.add1(Nat.add1(Nat.add1(Nat.add1(Nat.add1(Nat.add1(Nat.add1(Nat.add1(Nat.add1(Nat.add1(Nat.add1(Nat.add1(Nat.add1(Nat.add1(Nat.add1(Nat.add1(Nat.add1(Nat.add1(Nat.add1(Nat.add1(Nat.add1(Nat.add1(Nat.add1(Nat.add1(Nat.add1(Nat.add1(Nat.add1(Nat.add1(Nat.add1(Nat.add1(Nat.add1(Nat.add1(Nat.add1(Nat.add1(Nat.add1(Nat.add1(Nat.zero)))))))))))))))))))))))))))))))))))))))))))))))))))))))))))))))))))))))))))))))))))))))))))))))))))))))))))))))))))))))), Nat.add1(Nat.add1(Nat.add1(Nat.add1(Nat.add1(Nat.add1(Nat.add1(Nat.add1(Nat.add1(Nat.add1(Nat.add1(Nat.add1(Nat.add1(Nat.add1(Nat.add1(Nat.add1(Nat.add1(Nat.add1(Nat.add1(Nat.add1(Nat.add1(Nat.add1(Nat.add1(Nat.add1(Nat.add1(Nat.add1(Nat.add1(Nat.add1(Nat.add1(Nat.add1(Nat.add1(Nat.add1(Nat.add1(Nat.add1(Nat.add1(Nat.add1(Nat.add1(Nat.add1(Nat.add1(Nat.add1(Nat.add1(Nat.add1(Nat.add1(Nat.add1(Nat.add1(Nat.add1(Nat.add1(Nat.add1(Nat.add1(Nat.add1(Nat.add1(Nat.add1(Nat.add1(Nat.add1(Nat.add1(Nat.add1(Nat.add1(Nat.add1(Nat.add1(Nat.add1(Nat.add1(Nat.add1(Nat.add1(Nat.add1(Nat.add1(Nat.add1(Nat.add1(Nat.add1(Nat.add1(Nat.add1(Nat.add1(Nat.add1(Nat.add1(Nat.add1(Nat.add1(Nat.add1(Nat.add1(Nat.add1(Nat.add1(Nat.add1(Nat.add1(Nat.add1(Nat.add1(Nat.add1(Nat.add1(Nat.add1(Nat.add1(Nat.add1(Nat.add1(Nat.add1(Nat.add1(Nat.add1(Nat.add1(Nat.add1(Nat.add1(Nat.add1(Nat.add1(Nat.add1(Nat.add1(Nat.add1(Nat.add1(Nat.add1(Nat.add1(Nat.add1(Nat.add1(Nat.add1(Nat.add1(Nat.add1(Nat.add1(Nat.add1(Nat.add1(Nat.add1(Nat.add1(Nat.add1(Nat.add1(Nat.add1(Nat.add1(Nat.add1(Nat.add1(Nat.add1(Nat.zero)))))))))))))))))))))))))))))))))))))))))))))))))))))))))))))))))))))))))))))))))))))))))))))))))))))))))))))))))))))))))
Nat.zero: Nat
Nat.add1(Nat.zero): Nat
Nat.add1(Nat.zero): Nat
Nat.add1(Nat.add1(Nat.zero)): Nat
Nat.add1(Nat.add1(Nat.add1(Nat.zero))): Nat
Nat.add1(Nat.add1(Nat.add1(Nat.add1(Nat.add1(Nat.zero))))): Nat
Nat.add1(Nat.add1(Nat.add1(Nat.add1(Nat.add1(Nat.add1(Nat.add1(Nat.add1(Nat.zero)))))))): Nat
