{
  "kind": "Tree.node",
  "head": {
    "name": "S",
    "kind": "S"
  },
  "body": {
    "start": {
      "kind": "Tree.node",
      "head": {
        "name": "one_or_more",
        "kind": "one"
      },
      "body": {
        "value": {
          "kind": "Tree.node",
          "head": {
            "name": "E",
            "kind": "F"
          },
          "body": {},
          "span": {
            "lo": 1,
            "hi": 2
          }
        }
      },
      "span": {
        "lo": 0,
        "hi": 3
      }
    }
  },
  "span": {
    "lo": 0,
    "hi": 3
  }
}
{
  "kind": "Tree.node",
  "head": {
    "name": "S",
    "kind": "S"
  },
  "body": {
    "start": {
      "kind": "Tree.node",
      "head": {
        "name": "one_or_more",
        "kind": "more"
      },
      "body": {
        "head": {
          "kind": "Tree.node",
          "head": {
            "name": "E",
            "kind": "F"
          },
          "body": {},
          "span": {
            "lo": 1,
            "hi": 2
          }
        },
        "tail": {
          "kind": "Tree.node",
          "head": {
            "name": "one_or_more",
            "kind": "one"
          },
          "body": {
            "value": {
              "kind": "Tree.node",
              "head": {
                "name": "E",
                "kind": "F"
              },
              "body": {},
              "span": {
                "lo": 4,
                "hi": 5
              }
            }
          },
          "span": {
            "lo": 3,
            "hi": 6
          }
        }
      },
      "span": {
        "lo": 0,
        "hi": 6
      }
    }
  },
  "span": {
    "lo": 0,
    "hi": 6
  }
}
{
  "kind": "Tree.node",
  "head": {
    "name": "S",
    "kind": "S"
  },
  "body": {
    "start": {
      "kind": "Tree.node",
      "head": {
        "name": "one_or_more",
        "kind": "more"
      },
      "body": {
        "head": {
          "kind": "Tree.node",
          "head": {
            "name": "E",
            "kind": "F"
          },
          "body": {},
          "span": {
            "lo": 1,
            "hi": 2
          }
        },
        "tail": {
          "kind": "Tree.node",
          "head": {
            "name": "one_or_more",
            "kind": "more"
          },
          "body": {
            "head": {
              "kind": "Tree.node",
              "head": {
                "name": "E",
                "kind": "F"
              },
              "body": {},
              "span": {
                "lo": 4,
                "hi": 5
              }
            },
            "tail": {
              "kind": "Tree.node",
              "head": {
                "name": "one_or_more",
                "kind": "one"
              },
              "body": {
                "value": {
                  "kind": "Tree.node",
                  "head": {
                    "name": "E",
                    "kind": "F"
                  },
                  "body": {},
                  "span": {
                    "lo": 7,
                    "hi": 8
                  }
                }
              },
              "span": {
                "lo": 6,
                "hi": 9
              }
            }
          },
          "span": {
            "lo": 3,
            "hi": 9
          }
        }
      },
      "span": {
        "lo": 0,
        "hi": 9
      }
    }
  },
  "span": {
    "lo": 0,
    "hi": 9
  }
}
{
  "kind": "Tree.node",
  "head": {
    "name": "S",
    "kind": "S"
  },
  "body": {
    "start": {
      "kind": "Tree.node",
      "head": {
        "name": "one_or_more",
        "kind": "one"
      },
      "body": {
        "value": {
          "kind": "Tree.node",
          "head": {
            "name": "E",
            "kind": "EQF"
          },
          "body": {},
          "span": {
            "lo": 1,
            "hi": 4
          }
        }
      },
      "span": {
        "lo": 0,
        "hi": 5
      }
    }
  },
  "span": {
    "lo": 0,
    "hi": 5
  }
}
{
  "kind": "Tree.node",
  "head": {
    "name": "S",
    "kind": "S"
  },
  "body": {
    "start": {
      "kind": "Tree.node",
      "head": {
        "name": "one_or_more",
        "kind": "one"
      },
      "body": {
        "value": {
          "kind": "Tree.node",
          "head": {
            "name": "E",
            "kind": "EQF"
          },
          "body": {},
          "span": {
            "lo": 1,
            "hi": 6
          }
        }
      },
      "span": {
        "lo": 0,
        "hi": 7
      }
    }
  },
  "span": {
    "lo": 0,
    "hi": 7
  }
}
{
  "kind": "Tree.node",
  "head": {
    "name": "S",
    "kind": "S"
  },
  "body": {
    "start": {
      "kind": "Tree.node",
      "head": {
        "name": "one_or_more",
        "kind": "more"
      },
      "body": {
        "head": {
          "kind": "Tree.node",
          "head": {
            "name": "E",
            "kind": "F"
          },
          "body": {},
          "span": {
            "lo": 1,
            "hi": 2
          }
        },
        "tail": {
          "kind": "Tree.node",
          "head": {
            "name": "one_or_more",
            "kind": "more"
          },
          "body": {
            "head": {
              "kind": "Tree.node",
              "head": {
                "name": "E",
                "kind": "F"
              },
              "body": {},
              "span": {
                "lo": 4,
                "hi": 5
              }
            },
            "tail": {
              "kind": "Tree.node",
              "head": {
                "name": "one_or_more",
                "kind": "more"
              },
              "body": {
                "head": {
                  "kind": "Tree.node",
                  "head": {
                    "name": "E",
                    "kind": "F"
                  },
                  "body": {},
                  "span": {
                    "lo": 7,
                    "hi": 8
                  }
                },
                "tail": {
                  "kind": "Tree.node",
                  "head": {
                    "name": "one_or_more",
                    "kind": "more"
                  },
                  "body": {
                    "head": {
                      "kind": "Tree.node",
                      "head": {
                        "name": "E",
                        "kind": "F"
                      },
                      "body": {},
                      "span": {
                        "lo": 10,
                        "hi": 11
                      }
                    },
                    "tail": {
                      "kind": "Tree.node",
                      "head": {
                        "name": "one_or_more",
                        "kind": "more"
                      },
                      "body": {
                        "head": {
                          "kind": "Tree.node",
                          "head": {
                            "name": "E",
                            "kind": "F"
                          },
                          "body": {},
                          "span": {
                            "lo": 13,
                            "hi": 14
                          }
                        },
                        "tail": {
                          "kind": "Tree.node",
                          "head": {
                            "name": "one_or_more",
                            "kind": "more"
                          },
                          "body": {
                            "head": {
                              "kind": "Tree.node",
                              "head": {
                                "name": "E",
                                "kind": "F"
                              },
                              "body": {},
                              "span": {
                                "lo": 16,
                                "hi": 17
                              }
                            },
                            "tail": {
                              "kind": "Tree.node",
                              "head": {
                                "name": "one_or_more",
                                "kind": "more"
                              },
                              "body": {
                                "head": {
                                  "kind": "Tree.node",
                                  "head": {
                                    "name": "E",
                                    "kind": "F"
                                  },
                                  "body": {},
                                  "span": {
                                    "lo": 19,
                                    "hi": 20
                                  }
                                },
                                "tail": {
                                  "kind": "Tree.node",
                                  "head": {
                                    "name": "one_or_more",
                                    "kind": "one"
                                  },
                                  "body": {
                                    "value": {
                                      "kind": "Tree.node",
                                      "head": {
                                        "name": "E",
                                        "kind": "F"
                                      },
                                      "body": {},
                                      "span": {
                                        "lo": 22,
                                        "hi": 23
                                      }
                                    }
                                  },
                                  "span": {
                                    "lo": 21,
                                    "hi": 24
                                  }
                                }
                              },
                              "span": {
                                "lo": 18,
                                "hi": 24
                              }
                            }
                          },
                          "span": {
                            "lo": 15,
                            "hi": 24
                          }
                        }
                      },
                      "span": {
                        "lo": 12,
                        "hi": 24
                      }
                    }
                  },
                  "span": {
                    "lo": 9,
                    "hi": 24
                  }
                }
              },
              "span": {
                "lo": 6,
                "hi": 24
              }
            }
          },
          "span": {
            "lo": 3,
            "hi": 24
          }
        }
      },
      "span": {
        "lo": 0,
        "hi": 24
      }
    }
  },
  "span": {
    "lo": 0,
    "hi": 24
  }
}
{
  "kind": "Tree.node",
  "head": {
    "name": "S",
    "kind": "S"
  },
  "body": {
    "start": {
      "kind": "Tree.node",
      "head": {
        "name": "one_or_more",
        "kind": "more"
      },
      "body": {
        "head": {
          "kind": "Tree.node",
          "head": {
            "name": "E",
            "kind": "EQF"
          },
          "body": {},
          "span": {
            "lo": 1,
            "hi": 4
          }
        },
        "tail": {
          "kind": "Tree.node",
          "head": {
            "name": "one_or_more",
            "kind": "more"
          },
          "body": {
            "head": {
              "kind": "Tree.node",
              "head": {
                "name": "E",
                "kind": "EQF"
              },
              "body": {},
              "span": {
                "lo": 6,
                "hi": 9
              }
            },
            "tail": {
              "kind": "Tree.node",
              "head": {
                "name": "one_or_more",
                "kind": "one"
              },
              "body": {
                "value": {
                  "kind": "Tree.node",
                  "head": {
                    "name": "E",
                    "kind": "EQF"
                  },
                  "body": {},
                  "span": {
                    "lo": 11,
                    "hi": 14
                  }
                }
              },
              "span": {
                "lo": 10,
                "hi": 15
              }
            }
          },
          "span": {
            "lo": 5,
            "hi": 15
          }
        }
      },
      "span": {
        "lo": 0,
        "hi": 15
      }
    }
  },
  "span": {
    "lo": 0,
    "hi": 15
  }
}
{
  "kind": "Tree.node",
  "head": {
    "name": "S",
    "kind": "S"
  },
  "body": {
    "start": {
      "kind": "Tree.node",
      "head": {
        "name": "one_or_more",
        "kind": "more"
      },
      "body": {
        "head": {
          "kind": "Tree.node",
          "head": {
            "name": "E",
            "kind": "EQF"
          },
          "body": {},
          "span": {
            "lo": 1,
            "hi": 6
          }
        },
        "tail": {
          "kind": "Tree.node",
          "head": {
            "name": "one_or_more",
            "kind": "more"
          },
          "body": {
            "head": {
              "kind": "Tree.node",
              "head": {
                "name": "E",
                "kind": "EQF"
              },
              "body": {},
              "span": {
                "lo": 8,
                "hi": 13
              }
            },
            "tail": {
              "kind": "Tree.node",
              "head": {
                "name": "one_or_more",
                "kind": "one"
              },
              "body": {
                "value": {
                  "kind": "Tree.node",
                  "head": {
                    "name": "E",
                    "kind": "EQF"
                  },
                  "body": {},
                  "span": {
                    "lo": 15,
                    "hi": 20
                  }
                }
              },
              "span": {
                "lo": 14,
                "hi": 21
              }
            }
          },
          "span": {
            "lo": 7,
            "hi": 21
          }
        }
      },
      "span": {
        "lo": 0,
        "hi": 21
      }
    }
  },
  "span": {
    "lo": 0,
    "hi": 21
  }
}
{
  "kind": "Tree.node",
  "head": {
    "name": "S",
    "kind": "S"
  },
  "body": {
    "start": {
      "kind": "Tree.node",
      "head": {
        "name": "one_or_more",
        "kind": "more"
      },
      "body": {
        "head": {
          "kind": "Tree.node",
          "head": {
            "name": "E",
            "kind": "F"
          },
          "body": {},
          "span": {
            "lo": 1,
            "hi": 2
          }
        },
        "tail": {
          "kind": "Tree.node",
          "head": {
            "name": "one_or_more",
            "kind": "more"
          },
          "body": {
            "head": {
              "kind": "Tree.node",
              "head": {
                "name": "E",
                "kind": "EQF"
              },
              "body": {},
              "span": {
                "lo": 4,
                "hi": 7
              }
            },
            "tail": {
              "kind": "Tree.node",
              "head": {
                "name": "one_or_more",
                "kind": "one"
              },
              "body": {
                "value": {
                  "kind": "Tree.node",
                  "head": {
                    "name": "E",
                    "kind": "EQF"
                  },
                  "body": {},
                  "span": {
                    "lo": 9,
                    "hi": 14
                  }
                }
              },
              "span": {
                "lo": 8,
                "hi": 15
              }
            }
          },
          "span": {
            "lo": 3,
            "hi": 15
          }
        }
      },
      "span": {
        "lo": 0,
        "hi": 15
      }
    }
  },
  "span": {
    "lo": 0,
    "hi": 15
  }
}
