>>> a
   [stepping]: E:EQF@0 -> > E Q F 
   [stepping]: E:F@0 -> > F 
   [stepping]: F:a@0 -> > "a" 
[resume from]: F:a@0 -> "a"@1 
[resume from]: E:F@0 -> F:a@1 
   [stepping]: E:EQF@0 -> E:F@1 > Q F 
   [stepping]: Q:+@1 -> > "+" 
   [stepping]: Q:-@1 -> > "-" 

>>> a-a
   [stepping]: E:EQF@0 -> > E Q F 
   [stepping]: E:F@0 -> > F 
   [stepping]: F:a@0 -> > "a" 
[resume from]: F:a@0 -> "a"@1 
[resume from]: E:F@0 -> F:a@1 
   [stepping]: E:EQF@0 -> E:F@1 > Q F 
   [stepping]: Q:+@1 -> > "+" 
   [stepping]: Q:-@1 -> > "-" 
[resume from]: Q:-@1 -> "-"@2 
   [stepping]: E:EQF@0 -> E:F@1 Q:-@2 > F 
   [stepping]: F:a@2 -> > "a" 
[resume from]: F:a@2 -> "a"@3 
[resume from]: E:EQF@0 -> E:F@1 Q:-@2 F:a@3 
   [stepping]: E:EQF@0 -> E:EQF@3 > Q F 
   [stepping]: Q:+@3 -> > "+" 
   [stepping]: Q:-@3 -> > "-" 

>>> a-a+a
   [stepping]: E:EQF@0 -> > E Q F 
   [stepping]: E:F@0 -> > F 
   [stepping]: F:a@0 -> > "a" 
[resume from]: F:a@0 -> "a"@1 
[resume from]: E:F@0 -> F:a@1 
   [stepping]: E:EQF@0 -> E:F@1 > Q F 
   [stepping]: Q:+@1 -> > "+" 
   [stepping]: Q:-@1 -> > "-" 
[resume from]: Q:-@1 -> "-"@2 
   [stepping]: E:EQF@0 -> E:F@1 Q:-@2 > F 
   [stepping]: F:a@2 -> > "a" 
[resume from]: F:a@2 -> "a"@3 
[resume from]: E:EQF@0 -> E:F@1 Q:-@2 F:a@3 
   [stepping]: E:EQF@0 -> E:EQF@3 > Q F 
   [stepping]: Q:+@3 -> > "+" 
   [stepping]: Q:-@3 -> > "-" 
[resume from]: Q:+@3 -> "+"@4 
   [stepping]: E:EQF@0 -> E:EQF@3 Q:+@4 > F 
   [stepping]: F:a@4 -> > "a" 
[resume from]: F:a@4 -> "a"@5 
[resume from]: E:EQF@0 -> E:EQF@3 Q:+@4 F:a@5 
   [stepping]: E:EQF@0 -> E:EQF@5 > Q F 
   [stepping]: Q:+@5 -> > "+" 
   [stepping]: Q:-@5 -> > "-" 

