{
  "kind": "Tree.node",
  "head": {
    "name": "S",
    "kind": "S"
  },
  "body": {
    "start": {
      "kind": "Tree.node",
      "head": {
        "name": "one_or_more",
        "kind": "one"
      },
      "body": {
        "value": {
          "kind": "Tree.node",
          "head": {
            "name": "E",
            "kind": "F"
          },
          "body": {},
          "span": {
            "lo": 2,
            "hi": 3
          }
        }
      },
      "span": {
        "lo": 1,
        "hi": 4
      }
    }
  },
  "span": {
    "lo": 1,
    "hi": 4
  }
}
{
  "kind": "Tree.node",
  "head": {
    "name": "S",
    "kind": "S"
  },
  "body": {
    "start": {
      "kind": "Tree.node",
      "head": {
        "name": "one_or_more",
        "kind": "more"
      },
      "body": {
        "head": {
          "kind": "Tree.node",
          "head": {
            "name": "E",
            "kind": "F"
          },
          "body": {},
          "span": {
            "lo": 2,
            "hi": 3
          }
        },
        "tail": {
          "kind": "Tree.node",
          "head": {
            "name": "one_or_more",
            "kind": "one"
          },
          "body": {
            "value": {
              "kind": "Tree.node",
              "head": {
                "name": "E",
                "kind": "F"
              },
              "body": {},
              "span": {
                "lo": 5,
                "hi": 6
              }
            }
          },
          "span": {
            "lo": 4,
            "hi": 7
          }
        }
      },
      "span": {
        "lo": 1,
        "hi": 7
      }
    }
  },
  "span": {
    "lo": 1,
    "hi": 7
  }
}
{
  "kind": "Tree.node",
  "head": {
    "name": "S",
    "kind": "S"
  },
  "body": {
    "start": {
      "kind": "Tree.node",
      "head": {
        "name": "one_or_more",
        "kind": "more"
      },
      "body": {
        "head": {
          "kind": "Tree.node",
          "head": {
            "name": "E",
            "kind": "F"
          },
          "body": {},
          "span": {
            "lo": 2,
            "hi": 3
          }
        },
        "tail": {
          "kind": "Tree.node",
          "head": {
            "name": "one_or_more",
            "kind": "more"
          },
          "body": {
            "head": {
              "kind": "Tree.node",
              "head": {
                "name": "E",
                "kind": "F"
              },
              "body": {},
              "span": {
                "lo": 5,
                "hi": 6
              }
            },
            "tail": {
              "kind": "Tree.node",
              "head": {
                "name": "one_or_more",
                "kind": "one"
              },
              "body": {
                "value": {
                  "kind": "Tree.node",
                  "head": {
                    "name": "E",
                    "kind": "F"
                  },
                  "body": {},
                  "span": {
                    "lo": 8,
                    "hi": 9
                  }
                }
              },
              "span": {
                "lo": 7,
                "hi": 10
              }
            }
          },
          "span": {
            "lo": 4,
            "hi": 10
          }
        }
      },
      "span": {
        "lo": 1,
        "hi": 10
      }
    }
  },
  "span": {
    "lo": 1,
    "hi": 10
  }
}
{
  "kind": "Tree.node",
  "head": {
    "name": "S",
    "kind": "S"
  },
  "body": {
    "start": {
      "kind": "Tree.node",
      "head": {
        "name": "one_or_more",
        "kind": "one"
      },
      "body": {
        "value": {
          "kind": "Tree.node",
          "head": {
            "name": "E",
            "kind": "EQF"
          },
          "body": {},
          "span": {
            "lo": 2,
            "hi": 5
          }
        }
      },
      "span": {
        "lo": 1,
        "hi": 6
      }
    }
  },
  "span": {
    "lo": 1,
    "hi": 6
  }
}
{
  "kind": "Tree.node",
  "head": {
    "name": "S",
    "kind": "S"
  },
  "body": {
    "start": {
      "kind": "Tree.node",
      "head": {
        "name": "one_or_more",
        "kind": "one"
      },
      "body": {
        "value": {
          "kind": "Tree.node",
          "head": {
            "name": "E",
            "kind": "EQF"
          },
          "body": {},
          "span": {
            "lo": 2,
            "hi": 7
          }
        }
      },
      "span": {
        "lo": 1,
        "hi": 8
      }
    }
  },
  "span": {
    "lo": 1,
    "hi": 8
  }
}
{
  "kind": "Tree.node",
  "head": {
    "name": "S",
    "kind": "S"
  },
  "body": {
    "start": {
      "kind": "Tree.node",
      "head": {
        "name": "one_or_more",
        "kind": "more"
      },
      "body": {
        "head": {
          "kind": "Tree.node",
          "head": {
            "name": "E",
            "kind": "F"
          },
          "body": {},
          "span": {
            "lo": 2,
            "hi": 3
          }
        },
        "tail": {
          "kind": "Tree.node",
          "head": {
            "name": "one_or_more",
            "kind": "more"
          },
          "body": {
            "head": {
              "kind": "Tree.node",
              "head": {
                "name": "E",
                "kind": "F"
              },
              "body": {},
              "span": {
                "lo": 5,
                "hi": 6
              }
            },
            "tail": {
              "kind": "Tree.node",
              "head": {
                "name": "one_or_more",
                "kind": "more"
              },
              "body": {
                "head": {
                  "kind": "Tree.node",
                  "head": {
                    "name": "E",
                    "kind": "F"
                  },
                  "body": {},
                  "span": {
                    "lo": 8,
                    "hi": 9
                  }
                },
                "tail": {
                  "kind": "Tree.node",
                  "head": {
                    "name": "one_or_more",
                    "kind": "more"
                  },
                  "body": {
                    "head": {
                      "kind": "Tree.node",
                      "head": {
                        "name": "E",
                        "kind": "F"
                      },
                      "body": {},
                      "span": {
                        "lo": 11,
                        "hi": 12
                      }
                    },
                    "tail": {
                      "kind": "Tree.node",
                      "head": {
                        "name": "one_or_more",
                        "kind": "more"
                      },
                      "body": {
                        "head": {
                          "kind": "Tree.node",
                          "head": {
                            "name": "E",
                            "kind": "F"
                          },
                          "body": {},
                          "span": {
                            "lo": 14,
                            "hi": 15
                          }
                        },
                        "tail": {
                          "kind": "Tree.node",
                          "head": {
                            "name": "one_or_more",
                            "kind": "more"
                          },
                          "body": {
                            "head": {
                              "kind": "Tree.node",
                              "head": {
                                "name": "E",
                                "kind": "F"
                              },
                              "body": {},
                              "span": {
                                "lo": 17,
                                "hi": 18
                              }
                            },
                            "tail": {
                              "kind": "Tree.node",
                              "head": {
                                "name": "one_or_more",
                                "kind": "more"
                              },
                              "body": {
                                "head": {
                                  "kind": "Tree.node",
                                  "head": {
                                    "name": "E",
                                    "kind": "F"
                                  },
                                  "body": {},
                                  "span": {
                                    "lo": 20,
                                    "hi": 21
                                  }
                                },
                                "tail": {
                                  "kind": "Tree.node",
                                  "head": {
                                    "name": "one_or_more",
                                    "kind": "one"
                                  },
                                  "body": {
                                    "value": {
                                      "kind": "Tree.node",
                                      "head": {
                                        "name": "E",
                                        "kind": "F"
                                      },
                                      "body": {},
                                      "span": {
                                        "lo": 23,
                                        "hi": 24
                                      }
                                    }
                                  },
                                  "span": {
                                    "lo": 22,
                                    "hi": 25
                                  }
                                }
                              },
                              "span": {
                                "lo": 19,
                                "hi": 25
                              }
                            }
                          },
                          "span": {
                            "lo": 16,
                            "hi": 25
                          }
                        }
                      },
                      "span": {
                        "lo": 13,
                        "hi": 25
                      }
                    }
                  },
                  "span": {
                    "lo": 10,
                    "hi": 25
                  }
                }
              },
              "span": {
                "lo": 7,
                "hi": 25
              }
            }
          },
          "span": {
            "lo": 4,
            "hi": 25
          }
        }
      },
      "span": {
        "lo": 1,
        "hi": 25
      }
    }
  },
  "span": {
    "lo": 1,
    "hi": 25
  }
}
{
  "kind": "Tree.node",
  "head": {
    "name": "S",
    "kind": "S"
  },
  "body": {
    "start": {
      "kind": "Tree.node",
      "head": {
        "name": "one_or_more",
        "kind": "more"
      },
      "body": {
        "head": {
          "kind": "Tree.node",
          "head": {
            "name": "E",
            "kind": "EQF"
          },
          "body": {},
          "span": {
            "lo": 2,
            "hi": 5
          }
        },
        "tail": {
          "kind": "Tree.node",
          "head": {
            "name": "one_or_more",
            "kind": "more"
          },
          "body": {
            "head": {
              "kind": "Tree.node",
              "head": {
                "name": "E",
                "kind": "EQF"
              },
              "body": {},
              "span": {
                "lo": 7,
                "hi": 10
              }
            },
            "tail": {
              "kind": "Tree.node",
              "head": {
                "name": "one_or_more",
                "kind": "one"
              },
              "body": {
                "value": {
                  "kind": "Tree.node",
                  "head": {
                    "name": "E",
                    "kind": "EQF"
                  },
                  "body": {},
                  "span": {
                    "lo": 12,
                    "hi": 15
                  }
                }
              },
              "span": {
                "lo": 11,
                "hi": 16
              }
            }
          },
          "span": {
            "lo": 6,
            "hi": 16
          }
        }
      },
      "span": {
        "lo": 1,
        "hi": 16
      }
    }
  },
  "span": {
    "lo": 1,
    "hi": 16
  }
}
{
  "kind": "Tree.node",
  "head": {
    "name": "S",
    "kind": "S"
  },
  "body": {
    "start": {
      "kind": "Tree.node",
      "head": {
        "name": "one_or_more",
        "kind": "more"
      },
      "body": {
        "head": {
          "kind": "Tree.node",
          "head": {
            "name": "E",
            "kind": "EQF"
          },
          "body": {},
          "span": {
            "lo": 2,
            "hi": 7
          }
        },
        "tail": {
          "kind": "Tree.node",
          "head": {
            "name": "one_or_more",
            "kind": "more"
          },
          "body": {
            "head": {
              "kind": "Tree.node",
              "head": {
                "name": "E",
                "kind": "EQF"
              },
              "body": {},
              "span": {
                "lo": 9,
                "hi": 14
              }
            },
            "tail": {
              "kind": "Tree.node",
              "head": {
                "name": "one_or_more",
                "kind": "one"
              },
              "body": {
                "value": {
                  "kind": "Tree.node",
                  "head": {
                    "name": "E",
                    "kind": "EQF"
                  },
                  "body": {},
                  "span": {
                    "lo": 16,
                    "hi": 21
                  }
                }
              },
              "span": {
                "lo": 15,
                "hi": 22
              }
            }
          },
          "span": {
            "lo": 8,
            "hi": 22
          }
        }
      },
      "span": {
        "lo": 1,
        "hi": 22
      }
    }
  },
  "span": {
    "lo": 1,
    "hi": 22
  }
}
{
  "kind": "Tree.node",
  "head": {
    "name": "S",
    "kind": "S"
  },
  "body": {
    "start": {
      "kind": "Tree.node",
      "head": {
        "name": "one_or_more",
        "kind": "more"
      },
      "body": {
        "head": {
          "kind": "Tree.node",
          "head": {
            "name": "E",
            "kind": "F"
          },
          "body": {},
          "span": {
            "lo": 2,
            "hi": 3
          }
        },
        "tail": {
          "kind": "Tree.node",
          "head": {
            "name": "one_or_more",
            "kind": "more"
          },
          "body": {
            "head": {
              "kind": "Tree.node",
              "head": {
                "name": "E",
                "kind": "EQF"
              },
              "body": {},
              "span": {
                "lo": 5,
                "hi": 8
              }
            },
            "tail": {
              "kind": "Tree.node",
              "head": {
                "name": "one_or_more",
                "kind": "one"
              },
              "body": {
                "value": {
                  "kind": "Tree.node",
                  "head": {
                    "name": "E",
                    "kind": "EQF"
                  },
                  "body": {},
                  "span": {
                    "lo": 10,
                    "hi": 15
                  }
                }
              },
              "span": {
                "lo": 9,
                "hi": 16
              }
            }
          },
          "span": {
            "lo": 4,
            "hi": 16
          }
        }
      },
      "span": {
        "lo": 1,
        "hi": 16
      }
    }
  },
  "span": {
    "lo": 1,
    "hi": 16
  }
}
