>>> a
QUEUE:
  E:EQF@0 -> > E Q F 
  E:F@0 -> > F 
0
  E:EQF@0 -> > E Q F 
  E:F@0 -> > F 
1 // END

QUEUE:
  E:F@0 -> > F 
0
  E:EQF@0 -> > E Q F 
  E:F@0 -> > F 
1 // END

QUEUE:
  F:a@0 -> > "a" 
0
  E:EQF@0 -> > E Q F 
  E:F@0 -> > F 
  F:a@0 -> > "a" 
1 // END

QUEUE:
  F:a@0 -> "a"@1 
0
  E:EQF@0 -> > E Q F 
  E:F@0 -> > F 
  F:a@0 -> > "a" 
1 // END
  F:a@0 -> "a"@1 

QUEUE:
  E:F@0 -> F:a@1 
0
  E:EQF@0 -> > E Q F 
  E:F@0 -> > F 
  F:a@0 -> > "a" 
1 // END
  F:a@0 -> "a"@1 
  E:F@0 -> F:a@1 

QUEUE:
  E:EQF@0 -> E:F@1 > Q F 
0
  E:EQF@0 -> > E Q F 
  E:F@0 -> > F 
  F:a@0 -> > "a" 
1 // END
  F:a@0 -> "a"@1 
  E:F@0 -> F:a@1 
  E:EQF@0 -> E:F@1 > Q F 

QUEUE:
  Q:+@1 -> > "+" 
  Q:-@1 -> > "-" 
0
  E:EQF@0 -> > E Q F 
  E:F@0 -> > F 
  F:a@0 -> > "a" 
1 // END
  F:a@0 -> "a"@1 
  E:F@0 -> F:a@1 
  E:EQF@0 -> E:F@1 > Q F 
  Q:+@1 -> > "+" 
  Q:-@1 -> > "-" 

QUEUE:
  Q:-@1 -> > "-" 
0
  E:EQF@0 -> > E Q F 
  E:F@0 -> > F 
  F:a@0 -> > "a" 
1 // END
  F:a@0 -> "a"@1 
  E:F@0 -> F:a@1 
  E:EQF@0 -> E:F@1 > Q F 
  Q:+@1 -> > "+" 
  Q:-@1 -> > "-" 

QUEUE:
0
  E:EQF@0 -> > E Q F 
  E:F@0 -> > F 
  F:a@0 -> > "a" 
1 // END
  F:a@0 -> "a"@1 
  E:F@0 -> F:a@1 
  E:EQF@0 -> E:F@1 > Q F 
  Q:+@1 -> > "+" 
  Q:-@1 -> > "-" 


>>> a-a
QUEUE:
  E:EQF@0 -> > E Q F 
  E:F@0 -> > F 
0
  E:EQF@0 -> > E Q F 
  E:F@0 -> > F 
1
2
3 // END

QUEUE:
  E:F@0 -> > F 
0
  E:EQF@0 -> > E Q F 
  E:F@0 -> > F 
1
2
3 // END

QUEUE:
  F:a@0 -> > "a" 
0
  E:EQF@0 -> > E Q F 
  E:F@0 -> > F 
  F:a@0 -> > "a" 
1
2
3 // END

QUEUE:
  F:a@0 -> "a"@1 
0
  E:EQF@0 -> > E Q F 
  E:F@0 -> > F 
  F:a@0 -> > "a" 
1
  F:a@0 -> "a"@1 
2
3 // END

QUEUE:
  E:F@0 -> F:a@1 
0
  E:EQF@0 -> > E Q F 
  E:F@0 -> > F 
  F:a@0 -> > "a" 
1
  F:a@0 -> "a"@1 
  E:F@0 -> F:a@1 
2
3 // END

QUEUE:
  E:EQF@0 -> E:F@1 > Q F 
0
  E:EQF@0 -> > E Q F 
  E:F@0 -> > F 
  F:a@0 -> > "a" 
1
  F:a@0 -> "a"@1 
  E:F@0 -> F:a@1 
  E:EQF@0 -> E:F@1 > Q F 
2
3 // END

QUEUE:
  Q:+@1 -> > "+" 
  Q:-@1 -> > "-" 
0
  E:EQF@0 -> > E Q F 
  E:F@0 -> > F 
  F:a@0 -> > "a" 
1
  F:a@0 -> "a"@1 
  E:F@0 -> F:a@1 
  E:EQF@0 -> E:F@1 > Q F 
  Q:+@1 -> > "+" 
  Q:-@1 -> > "-" 
2
3 // END

QUEUE:
  Q:-@1 -> > "-" 
0
  E:EQF@0 -> > E Q F 
  E:F@0 -> > F 
  F:a@0 -> > "a" 
1
  F:a@0 -> "a"@1 
  E:F@0 -> F:a@1 
  E:EQF@0 -> E:F@1 > Q F 
  Q:+@1 -> > "+" 
  Q:-@1 -> > "-" 
2
3 // END

QUEUE:
  Q:-@1 -> "-"@2 
0
  E:EQF@0 -> > E Q F 
  E:F@0 -> > F 
  F:a@0 -> > "a" 
1
  F:a@0 -> "a"@1 
  E:F@0 -> F:a@1 
  E:EQF@0 -> E:F@1 > Q F 
  Q:+@1 -> > "+" 
  Q:-@1 -> > "-" 
2
  Q:-@1 -> "-"@2 
3 // END

QUEUE:
  E:EQF@0 -> E:F@1 Q:-@2 > F 
0
  E:EQF@0 -> > E Q F 
  E:F@0 -> > F 
  F:a@0 -> > "a" 
1
  F:a@0 -> "a"@1 
  E:F@0 -> F:a@1 
  E:EQF@0 -> E:F@1 > Q F 
  Q:+@1 -> > "+" 
  Q:-@1 -> > "-" 
2
  Q:-@1 -> "-"@2 
  E:EQF@0 -> E:F@1 Q:-@2 > F 
3 // END

QUEUE:
  F:a@2 -> > "a" 
0
  E:EQF@0 -> > E Q F 
  E:F@0 -> > F 
  F:a@0 -> > "a" 
1
  F:a@0 -> "a"@1 
  E:F@0 -> F:a@1 
  E:EQF@0 -> E:F@1 > Q F 
  Q:+@1 -> > "+" 
  Q:-@1 -> > "-" 
2
  Q:-@1 -> "-"@2 
  E:EQF@0 -> E:F@1 Q:-@2 > F 
  F:a@2 -> > "a" 
3 // END

QUEUE:
  F:a@2 -> "a"@3 
0
  E:EQF@0 -> > E Q F 
  E:F@0 -> > F 
  F:a@0 -> > "a" 
1
  F:a@0 -> "a"@1 
  E:F@0 -> F:a@1 
  E:EQF@0 -> E:F@1 > Q F 
  Q:+@1 -> > "+" 
  Q:-@1 -> > "-" 
2
  Q:-@1 -> "-"@2 
  E:EQF@0 -> E:F@1 Q:-@2 > F 
  F:a@2 -> > "a" 
3 // END
  F:a@2 -> "a"@3 

QUEUE:
  E:EQF@0 -> E:F@1 Q:-@2 F:a@3 
0
  E:EQF@0 -> > E Q F 
  E:F@0 -> > F 
  F:a@0 -> > "a" 
1
  F:a@0 -> "a"@1 
  E:F@0 -> F:a@1 
  E:EQF@0 -> E:F@1 > Q F 
  Q:+@1 -> > "+" 
  Q:-@1 -> > "-" 
2
  Q:-@1 -> "-"@2 
  E:EQF@0 -> E:F@1 Q:-@2 > F 
  F:a@2 -> > "a" 
3 // END
  F:a@2 -> "a"@3 
  E:EQF@0 -> E:F@1 Q:-@2 F:a@3 

QUEUE:
  E:EQF@0 -> E:EQF@3 > Q F 
0
  E:EQF@0 -> > E Q F 
  E:F@0 -> > F 
  F:a@0 -> > "a" 
1
  F:a@0 -> "a"@1 
  E:F@0 -> F:a@1 
  E:EQF@0 -> E:F@1 > Q F 
  Q:+@1 -> > "+" 
  Q:-@1 -> > "-" 
2
  Q:-@1 -> "-"@2 
  E:EQF@0 -> E:F@1 Q:-@2 > F 
  F:a@2 -> > "a" 
3 // END
  F:a@2 -> "a"@3 
  E:EQF@0 -> E:F@1 Q:-@2 F:a@3 
  E:EQF@0 -> E:EQF@3 > Q F 

QUEUE:
  Q:+@3 -> > "+" 
  Q:-@3 -> > "-" 
0
  E:EQF@0 -> > E Q F 
  E:F@0 -> > F 
  F:a@0 -> > "a" 
1
  F:a@0 -> "a"@1 
  E:F@0 -> F:a@1 
  E:EQF@0 -> E:F@1 > Q F 
  Q:+@1 -> > "+" 
  Q:-@1 -> > "-" 
2
  Q:-@1 -> "-"@2 
  E:EQF@0 -> E:F@1 Q:-@2 > F 
  F:a@2 -> > "a" 
3 // END
  F:a@2 -> "a"@3 
  E:EQF@0 -> E:F@1 Q:-@2 F:a@3 
  E:EQF@0 -> E:EQF@3 > Q F 
  Q:+@3 -> > "+" 
  Q:-@3 -> > "-" 

QUEUE:
  Q:-@3 -> > "-" 
0
  E:EQF@0 -> > E Q F 
  E:F@0 -> > F 
  F:a@0 -> > "a" 
1
  F:a@0 -> "a"@1 
  E:F@0 -> F:a@1 
  E:EQF@0 -> E:F@1 > Q F 
  Q:+@1 -> > "+" 
  Q:-@1 -> > "-" 
2
  Q:-@1 -> "-"@2 
  E:EQF@0 -> E:F@1 Q:-@2 > F 
  F:a@2 -> > "a" 
3 // END
  F:a@2 -> "a"@3 
  E:EQF@0 -> E:F@1 Q:-@2 F:a@3 
  E:EQF@0 -> E:EQF@3 > Q F 
  Q:+@3 -> > "+" 
  Q:-@3 -> > "-" 

QUEUE:
0
  E:EQF@0 -> > E Q F 
  E:F@0 -> > F 
  F:a@0 -> > "a" 
1
  F:a@0 -> "a"@1 
  E:F@0 -> F:a@1 
  E:EQF@0 -> E:F@1 > Q F 
  Q:+@1 -> > "+" 
  Q:-@1 -> > "-" 
2
  Q:-@1 -> "-"@2 
  E:EQF@0 -> E:F@1 Q:-@2 > F 
  F:a@2 -> > "a" 
3 // END
  F:a@2 -> "a"@3 
  E:EQF@0 -> E:F@1 Q:-@2 F:a@3 
  E:EQF@0 -> E:EQF@3 > Q F 
  Q:+@3 -> > "+" 
  Q:-@3 -> > "-" 


>>> a-a+a
QUEUE:
  E:EQF@0 -> > E Q F 
  E:F@0 -> > F 
0
  E:EQF@0 -> > E Q F 
  E:F@0 -> > F 
1
2
3
4
5 // END

QUEUE:
  E:F@0 -> > F 
0
  E:EQF@0 -> > E Q F 
  E:F@0 -> > F 
1
2
3
4
5 // END

QUEUE:
  F:a@0 -> > "a" 
0
  E:EQF@0 -> > E Q F 
  E:F@0 -> > F 
  F:a@0 -> > "a" 
1
2
3
4
5 // END

QUEUE:
  F:a@0 -> "a"@1 
0
  E:EQF@0 -> > E Q F 
  E:F@0 -> > F 
  F:a@0 -> > "a" 
1
  F:a@0 -> "a"@1 
2
3
4
5 // END

QUEUE:
  E:F@0 -> F:a@1 
0
  E:EQF@0 -> > E Q F 
  E:F@0 -> > F 
  F:a@0 -> > "a" 
1
  F:a@0 -> "a"@1 
  E:F@0 -> F:a@1 
2
3
4
5 // END

QUEUE:
  E:EQF@0 -> E:F@1 > Q F 
0
  E:EQF@0 -> > E Q F 
  E:F@0 -> > F 
  F:a@0 -> > "a" 
1
  F:a@0 -> "a"@1 
  E:F@0 -> F:a@1 
  E:EQF@0 -> E:F@1 > Q F 
2
3
4
5 // END

QUEUE:
  Q:+@1 -> > "+" 
  Q:-@1 -> > "-" 
0
  E:EQF@0 -> > E Q F 
  E:F@0 -> > F 
  F:a@0 -> > "a" 
1
  F:a@0 -> "a"@1 
  E:F@0 -> F:a@1 
  E:EQF@0 -> E:F@1 > Q F 
  Q:+@1 -> > "+" 
  Q:-@1 -> > "-" 
2
3
4
5 // END

QUEUE:
  Q:-@1 -> > "-" 
0
  E:EQF@0 -> > E Q F 
  E:F@0 -> > F 
  F:a@0 -> > "a" 
1
  F:a@0 -> "a"@1 
  E:F@0 -> F:a@1 
  E:EQF@0 -> E:F@1 > Q F 
  Q:+@1 -> > "+" 
  Q:-@1 -> > "-" 
2
3
4
5 // END

QUEUE:
  Q:-@1 -> "-"@2 
0
  E:EQF@0 -> > E Q F 
  E:F@0 -> > F 
  F:a@0 -> > "a" 
1
  F:a@0 -> "a"@1 
  E:F@0 -> F:a@1 
  E:EQF@0 -> E:F@1 > Q F 
  Q:+@1 -> > "+" 
  Q:-@1 -> > "-" 
2
  Q:-@1 -> "-"@2 
3
4
5 // END

QUEUE:
  E:EQF@0 -> E:F@1 Q:-@2 > F 
0
  E:EQF@0 -> > E Q F 
  E:F@0 -> > F 
  F:a@0 -> > "a" 
1
  F:a@0 -> "a"@1 
  E:F@0 -> F:a@1 
  E:EQF@0 -> E:F@1 > Q F 
  Q:+@1 -> > "+" 
  Q:-@1 -> > "-" 
2
  Q:-@1 -> "-"@2 
  E:EQF@0 -> E:F@1 Q:-@2 > F 
3
4
5 // END

QUEUE:
  F:a@2 -> > "a" 
0
  E:EQF@0 -> > E Q F 
  E:F@0 -> > F 
  F:a@0 -> > "a" 
1
  F:a@0 -> "a"@1 
  E:F@0 -> F:a@1 
  E:EQF@0 -> E:F@1 > Q F 
  Q:+@1 -> > "+" 
  Q:-@1 -> > "-" 
2
  Q:-@1 -> "-"@2 
  E:EQF@0 -> E:F@1 Q:-@2 > F 
  F:a@2 -> > "a" 
3
4
5 // END

QUEUE:
  F:a@2 -> "a"@3 
0
  E:EQF@0 -> > E Q F 
  E:F@0 -> > F 
  F:a@0 -> > "a" 
1
  F:a@0 -> "a"@1 
  E:F@0 -> F:a@1 
  E:EQF@0 -> E:F@1 > Q F 
  Q:+@1 -> > "+" 
  Q:-@1 -> > "-" 
2
  Q:-@1 -> "-"@2 
  E:EQF@0 -> E:F@1 Q:-@2 > F 
  F:a@2 -> > "a" 
3
  F:a@2 -> "a"@3 
4
5 // END

QUEUE:
  E:EQF@0 -> E:F@1 Q:-@2 F:a@3 
0
  E:EQF@0 -> > E Q F 
  E:F@0 -> > F 
  F:a@0 -> > "a" 
1
  F:a@0 -> "a"@1 
  E:F@0 -> F:a@1 
  E:EQF@0 -> E:F@1 > Q F 
  Q:+@1 -> > "+" 
  Q:-@1 -> > "-" 
2
  Q:-@1 -> "-"@2 
  E:EQF@0 -> E:F@1 Q:-@2 > F 
  F:a@2 -> > "a" 
3
  F:a@2 -> "a"@3 
  E:EQF@0 -> E:F@1 Q:-@2 F:a@3 
4
5 // END

QUEUE:
  E:EQF@0 -> E:EQF@3 > Q F 
0
  E:EQF@0 -> > E Q F 
  E:F@0 -> > F 
  F:a@0 -> > "a" 
1
  F:a@0 -> "a"@1 
  E:F@0 -> F:a@1 
  E:EQF@0 -> E:F@1 > Q F 
  Q:+@1 -> > "+" 
  Q:-@1 -> > "-" 
2
  Q:-@1 -> "-"@2 
  E:EQF@0 -> E:F@1 Q:-@2 > F 
  F:a@2 -> > "a" 
3
  F:a@2 -> "a"@3 
  E:EQF@0 -> E:F@1 Q:-@2 F:a@3 
  E:EQF@0 -> E:EQF@3 > Q F 
4
5 // END

QUEUE:
  Q:+@3 -> > "+" 
  Q:-@3 -> > "-" 
0
  E:EQF@0 -> > E Q F 
  E:F@0 -> > F 
  F:a@0 -> > "a" 
1
  F:a@0 -> "a"@1 
  E:F@0 -> F:a@1 
  E:EQF@0 -> E:F@1 > Q F 
  Q:+@1 -> > "+" 
  Q:-@1 -> > "-" 
2
  Q:-@1 -> "-"@2 
  E:EQF@0 -> E:F@1 Q:-@2 > F 
  F:a@2 -> > "a" 
3
  F:a@2 -> "a"@3 
  E:EQF@0 -> E:F@1 Q:-@2 F:a@3 
  E:EQF@0 -> E:EQF@3 > Q F 
  Q:+@3 -> > "+" 
  Q:-@3 -> > "-" 
4
5 // END

QUEUE:
  Q:-@3 -> > "-" 
  Q:+@3 -> "+"@4 
0
  E:EQF@0 -> > E Q F 
  E:F@0 -> > F 
  F:a@0 -> > "a" 
1
  F:a@0 -> "a"@1 
  E:F@0 -> F:a@1 
  E:EQF@0 -> E:F@1 > Q F 
  Q:+@1 -> > "+" 
  Q:-@1 -> > "-" 
2
  Q:-@1 -> "-"@2 
  E:EQF@0 -> E:F@1 Q:-@2 > F 
  F:a@2 -> > "a" 
3
  F:a@2 -> "a"@3 
  E:EQF@0 -> E:F@1 Q:-@2 F:a@3 
  E:EQF@0 -> E:EQF@3 > Q F 
  Q:+@3 -> > "+" 
  Q:-@3 -> > "-" 
4
  Q:+@3 -> "+"@4 
5 // END

QUEUE:
  Q:+@3 -> "+"@4 
0
  E:EQF@0 -> > E Q F 
  E:F@0 -> > F 
  F:a@0 -> > "a" 
1
  F:a@0 -> "a"@1 
  E:F@0 -> F:a@1 
  E:EQF@0 -> E:F@1 > Q F 
  Q:+@1 -> > "+" 
  Q:-@1 -> > "-" 
2
  Q:-@1 -> "-"@2 
  E:EQF@0 -> E:F@1 Q:-@2 > F 
  F:a@2 -> > "a" 
3
  F:a@2 -> "a"@3 
  E:EQF@0 -> E:F@1 Q:-@2 F:a@3 
  E:EQF@0 -> E:EQF@3 > Q F 
  Q:+@3 -> > "+" 
  Q:-@3 -> > "-" 
4
  Q:+@3 -> "+"@4 
5 // END

QUEUE:
  E:EQF@0 -> E:EQF@3 Q:+@4 > F 
0
  E:EQF@0 -> > E Q F 
  E:F@0 -> > F 
  F:a@0 -> > "a" 
1
  F:a@0 -> "a"@1 
  E:F@0 -> F:a@1 
  E:EQF@0 -> E:F@1 > Q F 
  Q:+@1 -> > "+" 
  Q:-@1 -> > "-" 
2
  Q:-@1 -> "-"@2 
  E:EQF@0 -> E:F@1 Q:-@2 > F 
  F:a@2 -> > "a" 
3
  F:a@2 -> "a"@3 
  E:EQF@0 -> E:F@1 Q:-@2 F:a@3 
  E:EQF@0 -> E:EQF@3 > Q F 
  Q:+@3 -> > "+" 
  Q:-@3 -> > "-" 
4
  Q:+@3 -> "+"@4 
  E:EQF@0 -> E:EQF@3 Q:+@4 > F 
5 // END

QUEUE:
  F:a@4 -> > "a" 
0
  E:EQF@0 -> > E Q F 
  E:F@0 -> > F 
  F:a@0 -> > "a" 
1
  F:a@0 -> "a"@1 
  E:F@0 -> F:a@1 
  E:EQF@0 -> E:F@1 > Q F 
  Q:+@1 -> > "+" 
  Q:-@1 -> > "-" 
2
  Q:-@1 -> "-"@2 
  E:EQF@0 -> E:F@1 Q:-@2 > F 
  F:a@2 -> > "a" 
3
  F:a@2 -> "a"@3 
  E:EQF@0 -> E:F@1 Q:-@2 F:a@3 
  E:EQF@0 -> E:EQF@3 > Q F 
  Q:+@3 -> > "+" 
  Q:-@3 -> > "-" 
4
  Q:+@3 -> "+"@4 
  E:EQF@0 -> E:EQF@3 Q:+@4 > F 
  F:a@4 -> > "a" 
5 // END

QUEUE:
  F:a@4 -> "a"@5 
0
  E:EQF@0 -> > E Q F 
  E:F@0 -> > F 
  F:a@0 -> > "a" 
1
  F:a@0 -> "a"@1 
  E:F@0 -> F:a@1 
  E:EQF@0 -> E:F@1 > Q F 
  Q:+@1 -> > "+" 
  Q:-@1 -> > "-" 
2
  Q:-@1 -> "-"@2 
  E:EQF@0 -> E:F@1 Q:-@2 > F 
  F:a@2 -> > "a" 
3
  F:a@2 -> "a"@3 
  E:EQF@0 -> E:F@1 Q:-@2 F:a@3 
  E:EQF@0 -> E:EQF@3 > Q F 
  Q:+@3 -> > "+" 
  Q:-@3 -> > "-" 
4
  Q:+@3 -> "+"@4 
  E:EQF@0 -> E:EQF@3 Q:+@4 > F 
  F:a@4 -> > "a" 
5 // END
  F:a@4 -> "a"@5 

QUEUE:
  E:EQF@0 -> E:EQF@3 Q:+@4 F:a@5 
0
  E:EQF@0 -> > E Q F 
  E:F@0 -> > F 
  F:a@0 -> > "a" 
1
  F:a@0 -> "a"@1 
  E:F@0 -> F:a@1 
  E:EQF@0 -> E:F@1 > Q F 
  Q:+@1 -> > "+" 
  Q:-@1 -> > "-" 
2
  Q:-@1 -> "-"@2 
  E:EQF@0 -> E:F@1 Q:-@2 > F 
  F:a@2 -> > "a" 
3
  F:a@2 -> "a"@3 
  E:EQF@0 -> E:F@1 Q:-@2 F:a@3 
  E:EQF@0 -> E:EQF@3 > Q F 
  Q:+@3 -> > "+" 
  Q:-@3 -> > "-" 
4
  Q:+@3 -> "+"@4 
  E:EQF@0 -> E:EQF@3 Q:+@4 > F 
  F:a@4 -> > "a" 
5 // END
  F:a@4 -> "a"@5 
  E:EQF@0 -> E:EQF@3 Q:+@4 F:a@5 

QUEUE:
  E:EQF@0 -> E:EQF@5 > Q F 
0
  E:EQF@0 -> > E Q F 
  E:F@0 -> > F 
  F:a@0 -> > "a" 
1
  F:a@0 -> "a"@1 
  E:F@0 -> F:a@1 
  E:EQF@0 -> E:F@1 > Q F 
  Q:+@1 -> > "+" 
  Q:-@1 -> > "-" 
2
  Q:-@1 -> "-"@2 
  E:EQF@0 -> E:F@1 Q:-@2 > F 
  F:a@2 -> > "a" 
3
  F:a@2 -> "a"@3 
  E:EQF@0 -> E:F@1 Q:-@2 F:a@3 
  E:EQF@0 -> E:EQF@3 > Q F 
  Q:+@3 -> > "+" 
  Q:-@3 -> > "-" 
4
  Q:+@3 -> "+"@4 
  E:EQF@0 -> E:EQF@3 Q:+@4 > F 
  F:a@4 -> > "a" 
5 // END
  F:a@4 -> "a"@5 
  E:EQF@0 -> E:EQF@3 Q:+@4 F:a@5 
  E:EQF@0 -> E:EQF@5 > Q F 

QUEUE:
  Q:+@5 -> > "+" 
  Q:-@5 -> > "-" 
0
  E:EQF@0 -> > E Q F 
  E:F@0 -> > F 
  F:a@0 -> > "a" 
1
  F:a@0 -> "a"@1 
  E:F@0 -> F:a@1 
  E:EQF@0 -> E:F@1 > Q F 
  Q:+@1 -> > "+" 
  Q:-@1 -> > "-" 
2
  Q:-@1 -> "-"@2 
  E:EQF@0 -> E:F@1 Q:-@2 > F 
  F:a@2 -> > "a" 
3
  F:a@2 -> "a"@3 
  E:EQF@0 -> E:F@1 Q:-@2 F:a@3 
  E:EQF@0 -> E:EQF@3 > Q F 
  Q:+@3 -> > "+" 
  Q:-@3 -> > "-" 
4
  Q:+@3 -> "+"@4 
  E:EQF@0 -> E:EQF@3 Q:+@4 > F 
  F:a@4 -> > "a" 
5 // END
  F:a@4 -> "a"@5 
  E:EQF@0 -> E:EQF@3 Q:+@4 F:a@5 
  E:EQF@0 -> E:EQF@5 > Q F 
  Q:+@5 -> > "+" 
  Q:-@5 -> > "-" 

QUEUE:
  Q:-@5 -> > "-" 
0
  E:EQF@0 -> > E Q F 
  E:F@0 -> > F 
  F:a@0 -> > "a" 
1
  F:a@0 -> "a"@1 
  E:F@0 -> F:a@1 
  E:EQF@0 -> E:F@1 > Q F 
  Q:+@1 -> > "+" 
  Q:-@1 -> > "-" 
2
  Q:-@1 -> "-"@2 
  E:EQF@0 -> E:F@1 Q:-@2 > F 
  F:a@2 -> > "a" 
3
  F:a@2 -> "a"@3 
  E:EQF@0 -> E:F@1 Q:-@2 F:a@3 
  E:EQF@0 -> E:EQF@3 > Q F 
  Q:+@3 -> > "+" 
  Q:-@3 -> > "-" 
4
  Q:+@3 -> "+"@4 
  E:EQF@0 -> E:EQF@3 Q:+@4 > F 
  F:a@4 -> > "a" 
5 // END
  F:a@4 -> "a"@5 
  E:EQF@0 -> E:EQF@3 Q:+@4 F:a@5 
  E:EQF@0 -> E:EQF@5 > Q F 
  Q:+@5 -> > "+" 
  Q:-@5 -> > "-" 

QUEUE:
0
  E:EQF@0 -> > E Q F 
  E:F@0 -> > F 
  F:a@0 -> > "a" 
1
  F:a@0 -> "a"@1 
  E:F@0 -> F:a@1 
  E:EQF@0 -> E:F@1 > Q F 
  Q:+@1 -> > "+" 
  Q:-@1 -> > "-" 
2
  Q:-@1 -> "-"@2 
  E:EQF@0 -> E:F@1 Q:-@2 > F 
  F:a@2 -> > "a" 
3
  F:a@2 -> "a"@3 
  E:EQF@0 -> E:F@1 Q:-@2 F:a@3 
  E:EQF@0 -> E:EQF@3 > Q F 
  Q:+@3 -> > "+" 
  Q:-@3 -> > "-" 
4
  Q:+@3 -> "+"@4 
  E:EQF@0 -> E:EQF@3 Q:+@4 > F 
  F:a@4 -> > "a" 
5 // END
  F:a@4 -> "a"@5 
  E:EQF@0 -> E:EQF@3 Q:+@4 F:a@5 
  E:EQF@0 -> E:EQF@5 > Q F 
  Q:+@5 -> > "+" 
  Q:-@5 -> > "-" 


