"zero"
"one"
"two"
"three"
"four"
"five"
"six"
"big"
"big"
Nat.zero
Nat.add1(Nat.zero)
Nat.add1(Nat.zero)
Nat.add1(Nat.add1(Nat.zero))
Nat.add1(Nat.add1(Nat.add1(Nat.zero)))
Nat.add1(Nat.add1(Nat.add1(Nat.zero)))
Nat.add1(Nat.add1(Nat.add1(Nat.add1(Nat.zero))))
Nat.zero
Nat.add1(Nat.zero)
Nat.add1(Nat.add1(Nat.add1(Nat.zero)))
Nat.add1(Nat.add1(Nat.add1(Nat.add1(Nat.add1(Nat.add1(Nat.zero))))))
Nat.add1(Nat.add1(Nat.add1(Nat.add1(Nat.add1(Nat.add1(Nat.add1(Nat.add1(Nat.add1(Nat.add1(Nat.zero))))))))))
Nat.add1(Nat.add1(Nat.add1(Nat.add1(Nat.add1(Nat.add1(Nat.add1(Nat.add1(Nat.add1(Nat.add1(Nat.add1(Nat.add1(Nat.add1(Nat.add1(Nat.add1(Nat.zero)))))))))))))))
Nat.add1(Nat.add1(Nat.add1(Nat.add1(Nat.add1(Nat.add1(Nat.add1(Nat.add1(Nat.add1(Nat.add1(Nat.add1(Nat.add1(Nat.add1(Nat.add1(Nat.add1(Nat.add1(Nat.add1(Nat.add1(Nat.add1(Nat.add1(Nat.add1(Nat.zero)))))))))))))))))))))

