@datatype Nat : Type {
  zero : @datatype Nat : Type {
    zero : Nat
    add1 : (prev: Nat) -> Nat
  }
  add1 : (prev: @datatype Nat : Type {
    zero : Nat
    add1 : (prev: Nat) -> Nat
  }) -> Nat
}
Nat.zero
Nat.add1
Nat.add1(Nat.zero)
@datatype Bool : Type {
  true : @datatype Bool : Type {
    true : Bool
    false : Bool
  }
  false : @datatype Bool : Type {
    true : Bool
    false : Bool
  }
}
Bool.true
Bool.false
Bool.true
Bool.false
Bool.true
Bool.false
Bool.true
Bool.false
Bool.true
Bool.false

