inr(sole): Either(Nat, Trivial)
inl(1): Either(Nat, Trivial)
inl(2): Either(Nat, Trivial)
inl(3): Either(Nat, Trivial)
inr(sole): Either(String, Trivial)
inl("a"): Either(String, Trivial)
inl("a"): Either(String, Trivial)
inl("a"): Either(String, Trivial)
inr(sole): Either(List(String), Trivial)
inl(nil): Either(List(String), Trivial)
inl(li("b", nil)): Either(List(String), Trivial)
inl(li("b", li("c", nil))): Either(List(String), Trivial)
inl("a"): Either(String, Trivial)
inl("b"): Either(String, Trivial)
inl("c"): Either(String, Trivial)
inr(sole): Either(String, Trivial)
inr(sole): Either(String, Trivial)
(x) => { the(Absurd, x) }: (x: Absurd) -> Absurd
Absurd: Type
Either(Absurd, Trivial): Type
Either(Either(Absurd, Trivial), Trivial): Type
Either(Either(Either(Absurd, Trivial), Trivial), Trivial): Type
inr(sole): Either(Absurd, Trivial)
inr(sole): Either(Either(Absurd, Trivial), Trivial)
inr(sole): Either(Either(Either(Absurd, Trivial), Trivial), Trivial)
inr(sole): Either(Either(Either(Either(Absurd, Trivial), Trivial), Trivial), Trivial)
inl(inr(sole)): Either(Either(Absurd, Trivial), Trivial)
inl(inl(inr(sole))): Either(Either(Either(Absurd, Trivial), Trivial), Trivial)
inl(inl(inl(inr(sole)))): Either(Either(Either(Either(Absurd, Trivial), Trivial), Trivial), Trivial)
inl(inr(sole)): Either(Either(Either(Either(Either(Either(Either(Either(Either(Either(Either(Either(Absurd, Trivial), Trivial), Trivial), Trivial), Trivial), Trivial), Trivial), Trivial), Trivial), Trivial), Trivial), Trivial)
inl(inl(inr(sole))): Either(Either(Either(Either(Either(Either(Either(Either(Either(Either(Either(Either(Either(Absurd, Trivial), Trivial), Trivial), Trivial), Trivial), Trivial), Trivial), Trivial), Trivial), Trivial), Trivial), Trivial), Trivial)
inl(inl(inl(inr(sole)))): Either(Either(Either(Either(Either(Either(Either(Either(Either(Either(Either(Either(Either(Either(Absurd, Trivial), Trivial), Trivial), Trivial), Trivial), Trivial), Trivial), Trivial), Trivial), Trivial), Trivial), Trivial), Trivial), Trivial)
"a": String
"b": String
"c": String
Either(Trivial, Trivial): Type
(_: Either(Trivial, Trivial)) -> Either(Trivial, Trivial): Type
(_: Either(Trivial, Trivial), _1: Either(Trivial, Trivial)) -> Either(Trivial, Trivial): Type
inr(sole): Either(Trivial, Trivial)
inr(sole): Either(Trivial, Trivial)
inr(sole): Either(Trivial, Trivial)
inl(sole): Either(Trivial, Trivial)
inl(sole): Either(Trivial, Trivial)
inl(sole): Either(Trivial, Trivial)