refl: Equal(Maybe(String), Maybe.nothing(vague String), Maybe.nothing(vague String))
refl: Equal(Maybe(String), Maybe.just(vague String, "a"), Maybe.just(vague String, "a"))
refl: Equal(Maybe(List(String)), Maybe.nothing(vague List(String)), Maybe.nothing(vague List(String)))
refl: Equal(Maybe(List(String)), Maybe.just(vague List(String), List.null(vague String)), Maybe.just(vague List(String), List.null(vague String)))
refl: Equal(Maybe(List(String)), Maybe.just(vague List(String), List.cons(vague String, "b", List.null(vague String))), Maybe.just(vague List(String), List.cons(vague String, "b", List.null(vague String))))
refl: Equal(Maybe(List(String)), Maybe.just(vague List(String), List.cons(vague String, "b", List.cons(vague String, "c", List.null(vague String)))), Maybe.just(vague List(String), List.cons(vague String, "b", List.cons(vague String, "c", List.null(vague String)))))
Maybe.just(vague String, "a"): Maybe(String)
Maybe.just(vague String, "b"): Maybe(String)
Maybe.just(vague String, "c"): Maybe(String)
Maybe.nothing(vague String): Maybe(String)
Maybe.nothing(vague String): Maybe(String)
Maybe.just(vague String, "a"): Maybe(String)
Maybe.just(vague String, "b"): Maybe(String)
Maybe.just(vague String, "c"): Maybe(String)
Maybe.nothing(vague String): Maybe(String)
Maybe.nothing(vague String): Maybe(String)
Maybe.just(vague String, "a"): Maybe(String)
Maybe.just(vague String, "b"): Maybe(String)
Maybe.just(vague String, "c"): Maybe(String)
Maybe.nothing(vague String): Maybe(String)
Maybe.nothing(vague String): Maybe(String)
Maybe.just(vague String, "a"): Maybe(String)
Maybe.just(vague String, "a"): Maybe(String)
Maybe.just(vague String, "a"): Maybe(String)
Maybe.just(vague String, "a"): Maybe(String)
Maybe.just(vague String, "b"): Maybe(String)
Maybe.just(vague String, "c"): Maybe(String)
Maybe.nothing(vague String): Maybe(String)
Maybe.nothing(vague String): Maybe(String)
