Found the symbol "-" in [0, 1], while expecting:
 "{":
     object:empty@0 -> > "{" "}" 
 "{":
     object:one@0 -> > "{" string ":" value "}" 
 "{":
     object:more@0 -> > "{" one_or_more string ":" value "}" 
 "[":
     array:empty@0 -> > "[" "]" 
 "[":
     array:one@0 -> > "[" value "]" 
 "[":
     array:more@0 -> > "[" one_or_more value "]" 
 "true":
     boolean:true@0 -> > "true" 
 "false":
     boolean:false@0 -> > "false" 
 "null":
     null:null@0 -> > "null" 
 ["string"]:
     string:string@0 -> > string 
 ["number"]:
     number:number@0 -> > number 

 1 |- []

